SF:lib/util/colors/hex_color_helper.dart
DA:5,1
DA:6,1
DA:7,4
DA:8,2
DA:9,3
DA:13,2
DA:14,3
DA:15,3
DA:16,3
DA:17,3
LF:10
LH:10
end_of_record
SF:lib/util/date_and_time/date_compare.dart
DA:2,1
DA:3,9
DA:6,2
DA:7,8
DA:10,12
DA:14,2
DA:15,8
DA:19,10
DA:23,2
DA:24,8
DA:28,10
DA:32,2
DA:33,8
DA:37,10
LF:14
LH:14
end_of_record
SF:lib/util/date_and_time/text_from_date.dart
DA:5,1
DA:6,1
DA:7,3
DA:8,1
DA:9,1
DA:10,1
DA:11,1
DA:12,3
DA:13,1
DA:14,3
DA:15,1
DA:16,3
DA:18,1
DA:22,1
DA:23,4
DA:26,6
DA:30,1
DA:31,4
DA:35,6
DA:39,1
DA:40,4
DA:44,6
DA:49,1
DA:50,2
LF:24
LH:24
end_of_record
